[debug] ----------------------------------------------------------------------
[debug] Command:      /usr/local/Cellar/node/4.2.1/bin/node /usr/local/bin/firebase deploy
[debug] Platform:     darwin
[debug] Node Version: v4.2.1
[debug] Time:         Tue Jan 19 2016 09:21:39 GMT-0700 (MST)
[debug] ----------------------------------------------------------------------
[debug] 
[debug] >>> HTTP REQUEST GET https://admin.firebase.com/firebase/gReads-frontend/token?token=XXX 
[debug] <<< HTTP RESPONSE 200
[debug] >>> HTTP REQUEST GET https://admin.firebase.com/firebase/gReads-frontend/token?token=XXX 
[debug] <<< HTTP RESPONSE 200
[info] 
[info] === Deploying to 'gReads-frontend'...
[info] 
[info] i  deploying hosting
[info] i  preparing build directory for upload...
[debug] >>> HTTP REQUEST PUT https://deploy.firebase.com/firebase/gReads-frontend/uploads/-K8PgFxGT0N0yvIuopHc?token=XXX&fileCount=6&message= 
[debug] <<< HTTP RESPONSE 200
[debug] ----------------------------------------------------------------------
[debug] Command:      /usr/local/Cellar/node/4.2.1/bin/node /usr/local/bin/firebase deploy
[debug] Platform:     darwin
[debug] Node Version: v4.2.1
[debug] Time:         Tue Jan 19 2016 09:28:39 GMT-0700 (MST)
[debug] ----------------------------------------------------------------------
[debug] 
[debug] >>> HTTP REQUEST GET https://admin.firebase.com/firebase/gReads-frontend/token?token=XXX 
[debug] <<< HTTP RESPONSE 200
[debug] >>> HTTP REQUEST GET https://admin.firebase.com/firebase/gReads-frontend/token?token=XXX 
[debug] <<< HTTP RESPONSE 200
[info] 
[info] === Deploying to 'gReads-frontend'...
[info] 
[info] i  deploying hosting
[info] i  preparing build directory for upload...
[debug] >>> HTTP REQUEST PUT https://deploy.firebase.com/firebase/gReads-frontend/uploads/-K8PhrVpO2gy0hmkr6bz?token=XXX&fileCount=6&message= 
[debug] <<< HTTP RESPONSE 200
[debug] ----------------------------------------------------------------------
[debug] Command:      /usr/local/Cellar/node/4.2.1/bin/node /usr/local/bin/firebase deploy
[debug] Platform:     darwin
[debug] Node Version: v4.2.1
[debug] Time:         Tue Jan 19 2016 09:30:21 GMT-0700 (MST)
[debug] ----------------------------------------------------------------------
[debug] 
[debug] >>> HTTP REQUEST GET https://admin.firebase.com/firebase/gReads-frontend/token?token=XXX 
[debug] <<< HTTP RESPONSE 200
[debug] >>> HTTP REQUEST GET https://admin.firebase.com/firebase/gReads-frontend/token?token=XXX 
[debug] <<< HTTP RESPONSE 200
[info] 
[info] === Deploying to 'gReads-frontend'...
[info] 
[info] i  deploying hosting
[info] i  preparing build directory for upload...
[debug] >>> HTTP REQUEST PUT https://deploy.firebase.com/firebase/gReads-frontend/uploads/-K8PiFS_5W-brCiy9YrE?token=XXX&fileCount=6&message= 
[debug] <<< HTTP RESPONSE 200
